<?xml version="1.0" encoding="UTF-8"?>
<!-- Generated by org.testng.reporters.JUnitReportReporter -->
<testsuite hostname="DESKTOP-LDJEI91" failures="0" tests="1" name="Test.Test_for_BlazeDemo" time="5.705" errors="0" timestamp="2023-05-10T11:47:42 IST" skipped="0">
  <testcase classname="Test.Test_for_BlazeDemo" name="actualTC" time="5.705"/>
  <system-out/>
</testsuite> <!-- Test.Test_for_BlazeDemo -->
